{"C:\\Users\\eltra\\OneDrive\\Desktop\\crm ibrahim\\src\\App.jsx": {"path":"C:\\Users\\eltra\\OneDrive\\Desktop\\crm ibrahim\\src\\App.jsx","statementMap":{"0":{"start":{"line":6,"column":2},"end":{"line":11,"column":3}}},"fnMap":{"0":{"name":"App","decl":{"start":{"line":5,"column":9},"end":{"line":5,"column":12}},"loc":{"start":{"line":5,"column":15},"end":{"line":12,"column":1}},"line":5}},"branchMap":{},"s":{"0":0},"f":{"0":0},"b":{}}
,"C:\\Users\\eltra\\OneDrive\\Desktop\\crm ibrahim\\src\\components\\Comments.jsx": {"path":"C:\\Users\\eltra\\OneDrive\\Desktop\\crm ibrahim\\src\\components\\Comments.jsx","statementMap":{"0":{"start":{"line":1,"column":24},"end":{"line":12,"column":1}},"1":{"start":{"line":2,"column":2},"end":{"line":11,"column":3}},"2":{"start":{"line":5,"column":8},"end":{"line":8,"column":13}}},"fnMap":{"0":{"name":"(anonymous_0)","decl":{"start":{"line":1,"column":24},"end":{"line":1,"column":25}},"loc":{"start":{"line":1,"column":42},"end":{"line":12,"column":1}},"line":1},"1":{"name":"(anonymous_1)","decl":{"start":{"line":4,"column":20},"end":{"line":4,"column":21}},"loc":{"start":{"line":5,"column":8},"end":{"line":8,"column":13}},"line":5}},"branchMap":{},"s":{"0":0,"1":0,"2":0},"f":{"0":0,"1":0},"b":{}}
,"C:\\Users\\eltra\\OneDrive\\Desktop\\crm ibrahim\\src\\components\\Filters.jsx": {"path":"C:\\Users\\eltra\\OneDrive\\Desktop\\crm ibrahim\\src\\components\\Filters.jsx","statementMap":{"0":{"start":{"line":5,"column":23},"end":{"line":30,"column":1}},"1":{"start":{"line":6,"column":32},"end":{"line":6,"column":44}},"2":{"start":{"line":7,"column":36},"end":{"line":7,"column":48}},"3":{"start":{"line":8,"column":36},"end":{"line":8,"column":56}},"4":{"start":{"line":9,"column":32},"end":{"line":9,"column":52}},"5":{"start":{"line":11,"column":22},"end":{"line":13,"column":3}},"6":{"start":{"line":12,"column":4},"end":{"line":12,"column":56}},"7":{"start":{"line":15,"column":2},"end":{"line":29,"column":3}},"8":{"start":{"line":17,"column":47},"end":{"line":17,"column":73}},"9":{"start":{"line":21,"column":49},"end":{"line":21,"column":77}},"10":{"start":{"line":25,"column":59},"end":{"line":25,"column":77}},"11":{"start":{"line":26,"column":57},"end":{"line":26,"column":73}}},"fnMap":{"0":{"name":"(anonymous_0)","decl":{"start":{"line":5,"column":23},"end":{"line":5,"column":24}},"loc":{"start":{"line":5,"column":41},"end":{"line":30,"column":1}},"line":5},"1":{"name":"(anonymous_1)","decl":{"start":{"line":11,"column":22},"end":{"line":11,"column":23}},"loc":{"start":{"line":11,"column":28},"end":{"line":13,"column":3}},"line":11},"2":{"name":"(anonymous_2)","decl":{"start":{"line":17,"column":40},"end":{"line":17,"column":41}},"loc":{"start":{"line":17,"column":47},"end":{"line":17,"column":73}},"line":17},"3":{"name":"(anonymous_3)","decl":{"start":{"line":21,"column":42},"end":{"line":21,"column":43}},"loc":{"start":{"line":21,"column":49},"end":{"line":21,"column":77}},"line":21},"4":{"name":"(anonymous_4)","decl":{"start":{"line":25,"column":49},"end":{"line":25,"column":50}},"loc":{"start":{"line":25,"column":59},"end":{"line":25,"column":77}},"line":25},"5":{"name":"(anonymous_5)","decl":{"start":{"line":26,"column":47},"end":{"line":26,"column":48}},"loc":{"start":{"line":26,"column":57},"end":{"line":26,"column":73}},"line":26}},"branchMap":{},"s":{"0":0,"1":0,"2":0,"3":0,"4":0,"5":0,"6":0,"7":0,"8":0,"9":0,"10":0,"11":0},"f":{"0":0,"1":0,"2":0,"3":0,"4":0,"5":0},"b":{}}
,"C:\\Users\\eltra\\OneDrive\\Desktop\\crm ibrahim\\src\\components\\Panel.jsx": {"path":"C:\\Users\\eltra\\OneDrive\\Desktop\\crm ibrahim\\src\\components\\Panel.jsx","statementMap":{"0":{"start":{"line":1,"column":21},"end":{"line":8,"column":1}},"1":{"start":{"line":2,"column":2},"end":{"line":7,"column":3}}},"fnMap":{"0":{"name":"(anonymous_0)","decl":{"start":{"line":1,"column":21},"end":{"line":1,"column":22}},"loc":{"start":{"line":1,"column":46},"end":{"line":8,"column":1}},"line":1}},"branchMap":{},"s":{"0":0,"1":0},"f":{"0":0},"b":{}}
,"C:\\Users\\eltra\\OneDrive\\Desktop\\crm ibrahim\\src\\components\\PieChart.jsx": {"path":"C:\\Users\\eltra\\OneDrive\\Desktop\\crm ibrahim\\src\\components\\PieChart.jsx","statementMap":{"0":{"start":{"line":4,"column":0},"end":{"line":4,"column":45}},"1":{"start":{"line":6,"column":24},"end":{"line":18,"column":1}},"2":{"start":{"line":7,"column":20},"end":{"line":15,"column":3}},"3":{"start":{"line":17,"column":2},"end":{"line":17,"column":33}}},"fnMap":{"0":{"name":"(anonymous_0)","decl":{"start":{"line":6,"column":24},"end":{"line":6,"column":25}},"loc":{"start":{"line":6,"column":38},"end":{"line":18,"column":1}},"line":6}},"branchMap":{},"s":{"0":0,"1":0,"2":0,"3":0},"f":{"0":0},"b":{}}
,"C:\\Users\\eltra\\OneDrive\\Desktop\\crm ibrahim\\src\\components\\Sidebar.jsx": {"path":"C:\\Users\\eltra\\OneDrive\\Desktop\\crm ibrahim\\src\\components\\Sidebar.jsx","statementMap":{"0":{"start":{"line":4,"column":18},"end":{"line":12,"column":1}},"1":{"start":{"line":14,"column":23},"end":{"line":45,"column":1}},"2":{"start":{"line":15,"column":20},"end":{"line":15,"column":30}},"3":{"start":{"line":17,"column":2},"end":{"line":44,"column":3}},"4":{"start":{"line":23,"column":12},"end":{"line":39,"column":17}},"5":{"start":{"line":31,"column":20},"end":{"line":35,"column":25}}},"fnMap":{"0":{"name":"(anonymous_0)","decl":{"start":{"line":14,"column":23},"end":{"line":14,"column":24}},"loc":{"start":{"line":14,"column":29},"end":{"line":45,"column":1}},"line":14},"1":{"name":"(anonymous_1)","decl":{"start":{"line":22,"column":25},"end":{"line":22,"column":26}},"loc":{"start":{"line":23,"column":12},"end":{"line":39,"column":17}},"line":23},"2":{"name":"(anonymous_2)","decl":{"start":{"line":30,"column":37},"end":{"line":30,"column":38}},"loc":{"start":{"line":31,"column":20},"end":{"line":35,"column":25}},"line":31}},"branchMap":{"0":{"loc":{"start":{"line":28,"column":15},"end":{"line":38,"column":15}},"type":"binary-expr","locations":[{"start":{"line":28,"column":15},"end":{"line":28,"column":28}},{"start":{"line":29,"column":16},"end":{"line":37,"column":21}}],"line":28}},"s":{"0":0,"1":0,"2":0,"3":0,"4":0,"5":0},"f":{"0":0,"1":0,"2":0},"b":{"0":[0,0]}}
,"C:\\Users\\eltra\\OneDrive\\Desktop\\crm ibrahim\\src\\components\\Table.jsx": {"path":"C:\\Users\\eltra\\OneDrive\\Desktop\\crm ibrahim\\src\\components\\Table.jsx","statementMap":{"0":{"start":{"line":1,"column":21},"end":{"line":28,"column":1}},"1":{"start":{"line":2,"column":2},"end":{"line":27,"column":3}},"2":{"start":{"line":8,"column":14},"end":{"line":10,"column":19}},"3":{"start":{"line":16,"column":12},"end":{"line":22,"column":17}},"4":{"start":{"line":18,"column":16},"end":{"line":20,"column":21}}},"fnMap":{"0":{"name":"(anonymous_0)","decl":{"start":{"line":1,"column":21},"end":{"line":1,"column":22}},"loc":{"start":{"line":1,"column":44},"end":{"line":28,"column":1}},"line":1},"1":{"name":"(anonymous_1)","decl":{"start":{"line":7,"column":25},"end":{"line":7,"column":26}},"loc":{"start":{"line":8,"column":14},"end":{"line":10,"column":19}},"line":8},"2":{"name":"(anonymous_2)","decl":{"start":{"line":15,"column":20},"end":{"line":15,"column":21}},"loc":{"start":{"line":16,"column":12},"end":{"line":22,"column":17}},"line":16},"3":{"name":"(anonymous_3)","decl":{"start":{"line":17,"column":23},"end":{"line":17,"column":24}},"loc":{"start":{"line":18,"column":16},"end":{"line":20,"column":21}},"line":18}},"branchMap":{},"s":{"0":0,"1":0,"2":0,"3":0,"4":0},"f":{"0":0,"1":0,"2":0,"3":0},"b":{}}
,"C:\\Users\\eltra\\OneDrive\\Desktop\\crm ibrahim\\src\\components\\ToDoList.jsx": {"path":"C:\\Users\\eltra\\OneDrive\\Desktop\\crm ibrahim\\src\\components\\ToDoList.jsx","statementMap":{"0":{"start":{"line":1,"column":24},"end":{"line":12,"column":1}},"1":{"start":{"line":2,"column":2},"end":{"line":11,"column":3}},"2":{"start":{"line":5,"column":8},"end":{"line":8,"column":13}}},"fnMap":{"0":{"name":"(anonymous_0)","decl":{"start":{"line":1,"column":24},"end":{"line":1,"column":25}},"loc":{"start":{"line":1,"column":39},"end":{"line":12,"column":1}},"line":1},"1":{"name":"(anonymous_1)","decl":{"start":{"line":4,"column":17},"end":{"line":4,"column":18}},"loc":{"start":{"line":5,"column":8},"end":{"line":8,"column":13}},"line":5}},"branchMap":{},"s":{"0":0,"1":0,"2":0},"f":{"0":0,"1":0},"b":{}}
,"C:\\Users\\eltra\\OneDrive\\Desktop\\crm ibrahim\\src\\components\\Topbar.jsx": {"path":"C:\\Users\\eltra\\OneDrive\\Desktop\\crm ibrahim\\src\\components\\Topbar.jsx","statementMap":{"0":{"start":{"line":4,"column":22},"end":{"line":29,"column":1}},"1":{"start":{"line":5,"column":27},"end":{"line":5,"column":36}},"2":{"start":{"line":6,"column":33},"end":{"line":6,"column":43}},"3":{"start":{"line":8,"column":2},"end":{"line":28,"column":3}}},"fnMap":{"0":{"name":"(anonymous_0)","decl":{"start":{"line":4,"column":22},"end":{"line":4,"column":23}},"loc":{"start":{"line":4,"column":28},"end":{"line":29,"column":1}},"line":4}},"branchMap":{"0":{"loc":{"start":{"line":12,"column":69},"end":{"line":12,"column":101}},"type":"cond-expr","locations":[{"start":{"line":12,"column":76},"end":{"line":12,"column":85}},{"start":{"line":12,"column":88},"end":{"line":12,"column":101}}],"line":12}},"s":{"0":0,"1":0,"2":0,"3":0},"f":{"0":0},"b":{"0":[0,0]}}
,"C:\\Users\\eltra\\OneDrive\\Desktop\\crm ibrahim\\src\\hooks\\useAuth.js": {"path":"C:\\Users\\eltra\\OneDrive\\Desktop\\crm ibrahim\\src\\hooks\\useAuth.js","statementMap":{"0":{"start":{"line":4,"column":23},"end":{"line":10,"column":1}},"1":{"start":{"line":5,"column":18},"end":{"line":5,"column":41}},"2":{"start":{"line":6,"column":2},"end":{"line":8,"column":3}},"3":{"start":{"line":7,"column":4},"end":{"line":7,"column":66}},"4":{"start":{"line":9,"column":2},"end":{"line":9,"column":16}}},"fnMap":{"0":{"name":"(anonymous_0)","decl":{"start":{"line":4,"column":23},"end":{"line":4,"column":24}},"loc":{"start":{"line":4,"column":29},"end":{"line":10,"column":1}},"line":4}},"branchMap":{"0":{"loc":{"start":{"line":6,"column":2},"end":{"line":8,"column":3}},"type":"if","locations":[{"start":{"line":6,"column":2},"end":{"line":8,"column":3}},{"start":{},"end":{}}],"line":6}},"s":{"0":0,"1":0,"2":0,"3":0,"4":0},"f":{"0":0},"b":{"0":[0,0]}}
,"C:\\Users\\eltra\\OneDrive\\Desktop\\crm ibrahim\\src\\hooks\\useTheme.js": {"path":"C:\\Users\\eltra\\OneDrive\\Desktop\\crm ibrahim\\src\\hooks\\useTheme.js","statementMap":{"0":{"start":{"line":3,"column":24},"end":{"line":28,"column":1}},"1":{"start":{"line":4,"column":28},"end":{"line":9,"column":4}},"2":{"start":{"line":5,"column":4},"end":{"line":7,"column":5}},"3":{"start":{"line":6,"column":6},"end":{"line":6,"column":53}},"4":{"start":{"line":8,"column":4},"end":{"line":8,"column":18}},"5":{"start":{"line":11,"column":2},"end":{"line":21,"column":13}},"6":{"start":{"line":12,"column":17},"end":{"line":12,"column":48}},"7":{"start":{"line":14,"column":4},"end":{"line":18,"column":5}},"8":{"start":{"line":15,"column":6},"end":{"line":15,"column":32}},"9":{"start":{"line":17,"column":6},"end":{"line":17,"column":35}},"10":{"start":{"line":20,"column":4},"end":{"line":20,"column":40}},"11":{"start":{"line":23,"column":22},"end":{"line":25,"column":3}},"12":{"start":{"line":24,"column":4},"end":{"line":24,"column":67}},"13":{"start":{"line":24,"column":26},"end":{"line":24,"column":66}},"14":{"start":{"line":27,"column":2},"end":{"line":27,"column":31}}},"fnMap":{"0":{"name":"(anonymous_0)","decl":{"start":{"line":3,"column":24},"end":{"line":3,"column":25}},"loc":{"start":{"line":3,"column":30},"end":{"line":28,"column":1}},"line":3},"1":{"name":"(anonymous_1)","decl":{"start":{"line":4,"column":37},"end":{"line":4,"column":38}},"loc":{"start":{"line":4,"column":43},"end":{"line":9,"column":3}},"line":4},"2":{"name":"(anonymous_2)","decl":{"start":{"line":11,"column":12},"end":{"line":11,"column":13}},"loc":{"start":{"line":11,"column":18},"end":{"line":21,"column":3}},"line":11},"3":{"name":"(anonymous_3)","decl":{"start":{"line":23,"column":22},"end":{"line":23,"column":23}},"loc":{"start":{"line":23,"column":28},"end":{"line":25,"column":3}},"line":23},"4":{"name":"(anonymous_4)","decl":{"start":{"line":24,"column":13},"end":{"line":24,"column":14}},"loc":{"start":{"line":24,"column":26},"end":{"line":24,"column":66}},"line":24}},"branchMap":{"0":{"loc":{"start":{"line":5,"column":4},"end":{"line":7,"column":5}},"type":"if","locations":[{"start":{"line":5,"column":4},"end":{"line":7,"column":5}},{"start":{},"end":{}}],"line":5},"1":{"loc":{"start":{"line":6,"column":13},"end":{"line":6,"column":53}},"type":"binary-expr","locations":[{"start":{"line":6,"column":13},"end":{"line":6,"column":42}},{"start":{"line":6,"column":46},"end":{"line":6,"column":53}}],"line":6},"2":{"loc":{"start":{"line":14,"column":4},"end":{"line":18,"column":5}},"type":"if","locations":[{"start":{"line":14,"column":4},"end":{"line":18,"column":5}},{"start":{"line":16,"column":11},"end":{"line":18,"column":5}}],"line":14},"3":{"loc":{"start":{"line":24,"column":26},"end":{"line":24,"column":66}},"type":"cond-expr","locations":[{"start":{"line":24,"column":50},"end":{"line":24,"column":56}},{"start":{"line":24,"column":59},"end":{"line":24,"column":66}}],"line":24}},"s":{"0":1,"1":2,"2":1,"3":1,"4":0,"5":2,"6":2,"7":2,"8":1,"9":1,"10":2,"11":2,"12":1,"13":1,"14":2},"f":{"0":2,"1":1,"2":2,"3":1,"4":1},"b":{"0":[1,0],"1":[1,1],"2":[1,1],"3":[1,0]},"_coverageSchema":"1a1c01bbd47fc00a2c39e90264f33305004495a9","hash":"a5a318ad90b119aa008b2035954bf6d46eabf875"}
,"C:\\Users\\eltra\\OneDrive\\Desktop\\crm ibrahim\\src\\pages\\Dashboard.jsx": {"path":"C:\\Users\\eltra\\OneDrive\\Desktop\\crm ibrahim\\src\\pages\\Dashboard.jsx","statementMap":{"0":{"start":{"line":11,"column":18},"end":{"line":14,"column":1}},"1":{"start":{"line":16,"column":21},"end":{"line":16,"column":36}},"2":{"start":{"line":18,"column":21},"end":{"line":21,"column":1}},"3":{"start":{"line":23,"column":18},"end":{"line":23,"column":38}},"4":{"start":{"line":25,"column":17},"end":{"line":25,"column":60}},"5":{"start":{"line":27,"column":25},"end":{"line":63,"column":1}},"6":{"start":{"line":28,"column":23},"end":{"line":30,"column":3}},"7":{"start":{"line":32,"column":2},"end":{"line":62,"column":3}}},"fnMap":{"0":{"name":"(anonymous_0)","decl":{"start":{"line":27,"column":25},"end":{"line":27,"column":26}},"loc":{"start":{"line":27,"column":31},"end":{"line":63,"column":1}},"line":27},"1":{"name":"(anonymous_1)","decl":{"start":{"line":28,"column":23},"end":{"line":28,"column":24}},"loc":{"start":{"line":28,"column":36},"end":{"line":30,"column":3}},"line":28}},"branchMap":{},"s":{"0":0,"1":0,"2":0,"3":0,"4":0,"5":0,"6":0,"7":0},"f":{"0":0,"1":0},"b":{}}
,"C:\\Users\\eltra\\OneDrive\\Desktop\\crm ibrahim\\src\\providers\\AuthProvider.jsx": {"path":"C:\\Users\\eltra\\OneDrive\\Desktop\\crm ibrahim\\src\\providers\\AuthProvider.jsx","statementMap":{"0":{"start":{"line":6,"column":0},"end":{"line":6,"column":31}},"1":{"start":{"line":7,"column":0},"end":{"line":7,"column":37}},"2":{"start":{"line":9,"column":27},"end":{"line":9,"column":46}},"3":{"start":{"line":11,"column":28},"end":{"line":47,"column":1}},"4":{"start":{"line":12,"column":26},"end":{"line":12,"column":40}},"5":{"start":{"line":13,"column":32},"end":{"line":13,"column":46}},"6":{"start":{"line":15,"column":20},"end":{"line":24,"column":8}},"7":{"start":{"line":16,"column":4},"end":{"line":23,"column":5}},"8":{"start":{"line":17,"column":23},"end":{"line":17,"column":47}},"9":{"start":{"line":18,"column":6},"end":{"line":18,"column":28}},"10":{"start":{"line":20,"column":6},"end":{"line":20,"column":19}},"11":{"start":{"line":22,"column":6},"end":{"line":22,"column":23}},"12":{"start":{"line":26,"column":2},"end":{"line":28,"column":17}},"13":{"start":{"line":27,"column":4},"end":{"line":27,"column":15}},"14":{"start":{"line":30,"column":16},"end":{"line":35,"column":3}},"15":{"start":{"line":31,"column":4},"end":{"line":31,"column":43}},"16":{"start":{"line":32,"column":21},"end":{"line":32,"column":60}},"17":{"start":{"line":33,"column":4},"end":{"line":33,"column":21}},"18":{"start":{"line":34,"column":4},"end":{"line":34,"column":19}},"19":{"start":{"line":37,"column":17},"end":{"line":40,"column":3}},"20":{"start":{"line":38,"column":4},"end":{"line":38,"column":31}},"21":{"start":{"line":39,"column":4},"end":{"line":39,"column":17}},"22":{"start":{"line":42,"column":2},"end":{"line":46,"column":3}},"23":{"start":{"line":49,"column":0},"end":{"line":51,"column":1}}},"fnMap":{"0":{"name":"(anonymous_0)","decl":{"start":{"line":11,"column":28},"end":{"line":11,"column":29}},"loc":{"start":{"line":11,"column":46},"end":{"line":47,"column":1}},"line":11},"1":{"name":"(anonymous_1)","decl":{"start":{"line":15,"column":32},"end":{"line":15,"column":33}},"loc":{"start":{"line":15,"column":44},"end":{"line":24,"column":3}},"line":15},"2":{"name":"(anonymous_2)","decl":{"start":{"line":26,"column":12},"end":{"line":26,"column":13}},"loc":{"start":{"line":26,"column":18},"end":{"line":28,"column":3}},"line":26},"3":{"name":"(anonymous_3)","decl":{"start":{"line":30,"column":16},"end":{"line":30,"column":17}},"loc":{"start":{"line":30,"column":39},"end":{"line":35,"column":3}},"line":30},"4":{"name":"(anonymous_4)","decl":{"start":{"line":37,"column":17},"end":{"line":37,"column":18}},"loc":{"start":{"line":37,"column":29},"end":{"line":40,"column":3}},"line":37}},"branchMap":{},"s":{"0":0,"1":0,"2":0,"3":0,"4":0,"5":0,"6":0,"7":0,"8":0,"9":0,"10":0,"11":0,"12":0,"13":0,"14":0,"15":0,"16":0,"17":0,"18":0,"19":0,"20":0,"21":0,"22":0,"23":0},"f":{"0":0,"1":0,"2":0,"3":0,"4":0},"b":{}}
,"C:\\Users\\eltra\\OneDrive\\Desktop\\crm ibrahim\\src\\providers\\ThemeProvider.jsx": {"path":"C:\\Users\\eltra\\OneDrive\\Desktop\\crm ibrahim\\src\\providers\\ThemeProvider.jsx","statementMap":{"0":{"start":{"line":3,"column":29},"end":{"line":11,"column":1}},"1":{"start":{"line":4,"column":20},"end":{"line":4,"column":30}},"2":{"start":{"line":6,"column":2},"end":{"line":10,"column":3}}},"fnMap":{"0":{"name":"(anonymous_0)","decl":{"start":{"line":3,"column":29},"end":{"line":3,"column":30}},"loc":{"start":{"line":3,"column":47},"end":{"line":11,"column":1}},"line":3}},"branchMap":{},"s":{"0":0,"1":0,"2":0},"f":{"0":0},"b":{}}
}
